<?xml version="1.0" encoding="UTF-8"?>
<testsuite xmlns:xsi="http://www.w3.org/2001/XMLSchema-instance" xsi:noNamespaceSchemaLocation="https://maven.apache.org/surefire/maven-surefire-plugin/xsd/surefire-test-report.xsd" version="3.0.2" name="meli.reserva.tickets.reserva_tickets.ReservaTicketsApplicationTests" time="2.87" tests="1" errors="0" skipped="0" failures="0">
  <properties>
    <property name="java.specification.version" value="21"/>
    <property name="sun.jnu.encoding" value="UTF-8"/>
    <property name="java.class.path" value="/home/davidbeltran/Documentos/Personal/Prueba/reserva-tickets/target/test-classes:/home/davidbeltran/Documentos/Personal/Prueba/reserva-tickets/target/classes:/home/davidbeltran/.m2/repository/org/springframework/boot/spring-boot-starter-web/3.4.3/spring-boot-starter-web-3.4.3.jar:/home/davidbeltran/.m2/repository/org/springframework/boot/spring-boot-starter/3.4.3/spring-boot-starter-3.4.3.jar:/home/davidbeltran/.m2/repository/org/springframework/boot/spring-boot/3.4.3/spring-boot-3.4.3.jar:/home/davidbeltran/.m2/repository/org/springframework/boot/spring-boot-autoconfigure/3.4.3/spring-boot-autoconfigure-3.4.3.jar:/home/davidbeltran/.m2/repository/org/springframework/boot/spring-boot-starter-logging/3.4.3/spring-boot-starter-logging-3.4.3.jar:/home/davidbeltran/.m2/repository/ch/qos/logback/logback-classic/1.5.16/logback-classic-1.5.16.jar:/home/davidbeltran/.m2/repository/ch/qos/logback/logback-core/1.5.16/logback-core-1.5.16.jar:/home/davidbeltran/.m2/repository/org/apache/logging/log4j/log4j-to-slf4j/2.24.3/log4j-to-slf4j-2.24.3.jar:/home/davidbeltran/.m2/repository/org/apache/logging/log4j/log4j-api/2.24.3/log4j-api-2.24.3.jar:/home/davidbeltran/.m2/repository/org/slf4j/jul-to-slf4j/2.0.16/jul-to-slf4j-2.0.16.jar:/home/davidbeltran/.m2/repository/jakarta/annotation/jakarta.annotation-api/2.1.1/jakarta.annotation-api-2.1.1.jar:/home/davidbeltran/.m2/repository/org/yaml/snakeyaml/2.3/snakeyaml-2.3.jar:/home/davidbeltran/.m2/repository/org/springframework/boot/spring-boot-starter-json/3.4.3/spring-boot-starter-json-3.4.3.jar:/home/davidbeltran/.m2/repository/com/fasterxml/jackson/core/jackson-databind/2.18.2/jackson-databind-2.18.2.jar:/home/davidbeltran/.m2/repository/com/fasterxml/jackson/core/jackson-annotations/2.18.2/jackson-annotations-2.18.2.jar:/home/davidbeltran/.m2/repository/com/fasterxml/jackson/datatype/jackson-datatype-jdk8/2.18.2/jackson-datatype-jdk8-2.18.2.jar:/home/davidbeltran/.m2/repository/com/fasterxml/jackson/datatype/jackson-datatype-jsr310/2.18.2/jackson-datatype-jsr310-2.18.2.jar:/home/davidbeltran/.m2/repository/com/fasterxml/jackson/module/jackson-module-parameter-names/2.18.2/jackson-module-parameter-names-2.18.2.jar:/home/davidbeltran/.m2/repository/org/springframework/boot/spring-boot-starter-tomcat/3.4.3/spring-boot-starter-tomcat-3.4.3.jar:/home/davidbeltran/.m2/repository/org/apache/tomcat/embed/tomcat-embed-core/10.1.36/tomcat-embed-core-10.1.36.jar:/home/davidbeltran/.m2/repository/org/apache/tomcat/embed/tomcat-embed-el/10.1.36/tomcat-embed-el-10.1.36.jar:/home/davidbeltran/.m2/repository/org/apache/tomcat/embed/tomcat-embed-websocket/10.1.36/tomcat-embed-websocket-10.1.36.jar:/home/davidbeltran/.m2/repository/org/springframework/spring-web/6.2.3/spring-web-6.2.3.jar:/home/davidbeltran/.m2/repository/org/springframework/spring-beans/6.2.3/spring-beans-6.2.3.jar:/home/davidbeltran/.m2/repository/io/micrometer/micrometer-observation/1.14.4/micrometer-observation-1.14.4.jar:/home/davidbeltran/.m2/repository/io/micrometer/micrometer-commons/1.14.4/micrometer-commons-1.14.4.jar:/home/davidbeltran/.m2/repository/org/springframework/spring-webmvc/6.2.3/spring-webmvc-6.2.3.jar:/home/davidbeltran/.m2/repository/org/springframework/spring-aop/6.2.3/spring-aop-6.2.3.jar:/home/davidbeltran/.m2/repository/org/springframework/spring-expression/6.2.3/spring-expression-6.2.3.jar:/home/davidbeltran/.m2/repository/com/google/cloud/spring-cloud-gcp-starter-storage/6.0.1/spring-cloud-gcp-starter-storage-6.0.1.jar:/home/davidbeltran/.m2/repository/com/google/cloud/spring-cloud-gcp-starter/6.0.1/spring-cloud-gcp-starter-6.0.1.jar:/home/davidbeltran/.m2/repository/com/google/cloud/spring-cloud-gcp-autoconfigure/6.0.1/spring-cloud-gcp-autoconfigure-6.0.1.jar:/home/davidbeltran/.m2/repository/com/google/cloud/spring-cloud-gcp-secretmanager/6.0.1/spring-cloud-gcp-secretmanager-6.0.1.jar:/home/davidbeltran/.m2/repository/org/springframework/cloud/spring-cloud-context/4.2.0/spring-cloud-context-4.2.0.jar:/home/davidbeltran/.m2/repository/org/springframework/security/spring-security-crypto/6.4.3/spring-security-crypto-6.4.3.jar:/home/davidbeltran/.m2/repository/com/google/cloud/google-cloud-secretmanager/2.58.0/google-cloud-secretmanager-2.58.0.jar:/home/davidbeltran/.m2/repository/com/google/api/grpc/proto-google-cloud-secretmanager-v1beta1/2.58.0/proto-google-cloud-secretmanager-v1beta1-2.58.0.jar:/home/davidbeltran/.m2/repository/com/google/api/grpc/proto-google-cloud-secretmanager-v1beta2/2.58.0/proto-google-cloud-secretmanager-v1beta2-2.58.0.jar:/home/davidbeltran/.m2/repository/com/google/api/grpc/proto-google-cloud-secretmanager-v1/2.58.0/proto-google-cloud-secretmanager-v1-2.58.0.jar:/home/davidbeltran/.m2/repository/org/apache/commons/commons-lang3/3.17.0/commons-lang3-3.17.0.jar:/home/davidbeltran/.m2/repository/com/google/cloud/spring-cloud-gcp-storage/6.0.1/spring-cloud-gcp-storage-6.0.1.jar:/home/davidbeltran/.m2/repository/org/slf4j/slf4j-api/2.0.16/slf4j-api-2.0.16.jar:/home/davidbeltran/.m2/repository/com/google/cloud/spring-cloud-gcp-starter-data-firestore/6.0.1/spring-cloud-gcp-starter-data-firestore-6.0.1.jar:/home/davidbeltran/.m2/repository/org/springframework/boot/spring-boot-starter-test/3.4.3/spring-boot-starter-test-3.4.3.jar:/home/davidbeltran/.m2/repository/org/springframework/boot/spring-boot-test/3.4.3/spring-boot-test-3.4.3.jar:/home/davidbeltran/.m2/repository/org/springframework/boot/spring-boot-test-autoconfigure/3.4.3/spring-boot-test-autoconfigure-3.4.3.jar:/home/davidbeltran/.m2/repository/com/jayway/jsonpath/json-path/2.9.0/json-path-2.9.0.jar:/home/davidbeltran/.m2/repository/jakarta/xml/bind/jakarta.xml.bind-api/4.0.2/jakarta.xml.bind-api-4.0.2.jar:/home/davidbeltran/.m2/repository/jakarta/activation/jakarta.activation-api/2.1.3/jakarta.activation-api-2.1.3.jar:/home/davidbeltran/.m2/repository/net/minidev/json-smart/2.5.2/json-smart-2.5.2.jar:/home/davidbeltran/.m2/repository/net/minidev/accessors-smart/2.5.2/accessors-smart-2.5.2.jar:/home/davidbeltran/.m2/repository/org/ow2/asm/asm/9.7.1/asm-9.7.1.jar:/home/davidbeltran/.m2/repository/org/assertj/assertj-core/3.26.3/assertj-core-3.26.3.jar:/home/davidbeltran/.m2/repository/net/bytebuddy/byte-buddy/1.15.11/byte-buddy-1.15.11.jar:/home/davidbeltran/.m2/repository/org/awaitility/awaitility/4.2.2/awaitility-4.2.2.jar:/home/davidbeltran/.m2/repository/org/hamcrest/hamcrest/2.2/hamcrest-2.2.jar:/home/davidbeltran/.m2/repository/org/junit/jupiter/junit-jupiter/5.11.4/junit-jupiter-5.11.4.jar:/home/davidbeltran/.m2/repository/org/junit/jupiter/junit-jupiter-api/5.11.4/junit-jupiter-api-5.11.4.jar:/home/davidbeltran/.m2/repository/org/opentest4j/opentest4j/1.3.0/opentest4j-1.3.0.jar:/home/davidbeltran/.m2/repository/org/junit/platform/junit-platform-commons/1.11.4/junit-platform-commons-1.11.4.jar:/home/davidbeltran/.m2/repository/org/apiguardian/apiguardian-api/1.1.2/apiguardian-api-1.1.2.jar:/home/davidbeltran/.m2/repository/org/junit/jupiter/junit-jupiter-params/5.11.4/junit-jupiter-params-5.11.4.jar:/home/davidbeltran/.m2/repository/org/junit/jupiter/junit-jupiter-engine/5.11.4/junit-jupiter-engine-5.11.4.jar:/home/davidbeltran/.m2/repository/org/junit/platform/junit-platform-engine/1.11.4/junit-platform-engine-1.11.4.jar:/home/davidbeltran/.m2/repository/org/mockito/mockito-core/5.14.2/mockito-core-5.14.2.jar:/home/davidbeltran/.m2/repository/net/bytebuddy/byte-buddy-agent/1.15.11/byte-buddy-agent-1.15.11.jar:/home/davidbeltran/.m2/repository/org/objenesis/objenesis/3.3/objenesis-3.3.jar:/home/davidbeltran/.m2/repository/org/mockito/mockito-junit-jupiter/5.14.2/mockito-junit-jupiter-5.14.2.jar:/home/davidbeltran/.m2/repository/org/skyscreamer/jsonassert/1.5.3/jsonassert-1.5.3.jar:/home/davidbeltran/.m2/repository/com/vaadin/external/google/android-json/0.0.20131108.vaadin1/android-json-0.0.20131108.vaadin1.jar:/home/davidbeltran/.m2/repository/org/springframework/spring-core/6.2.3/spring-core-6.2.3.jar:/home/davidbeltran/.m2/repository/org/springframework/spring-jcl/6.2.3/spring-jcl-6.2.3.jar:/home/davidbeltran/.m2/repository/org/springframework/spring-test/6.2.3/spring-test-6.2.3.jar:/home/davidbeltran/.m2/repository/org/xmlunit/xmlunit-core/2.10.0/xmlunit-core-2.10.0.jar:/home/davidbeltran/.m2/repository/com/google/cloud/google-cloud-firestore/3.30.8/google-cloud-firestore-3.30.8.jar:/home/davidbeltran/.m2/repository/com/google/cloud/google-cloud-core-grpc/2.51.0/google-cloud-core-grpc-2.51.0.jar:/home/davidbeltran/.m2/repository/com/google/http-client/google-http-client/1.46.1/google-http-client-1.46.1.jar:/home/davidbeltran/.m2/repository/org/apache/httpcomponents/httpclient/4.5.14/httpclient-4.5.14.jar:/home/davidbeltran/.m2/repository/org/apache/httpcomponents/httpcore/4.4.16/httpcore-4.4.16.jar:/home/davidbeltran/.m2/repository/io/grpc/grpc-context/1.69.0/grpc-context-1.69.0.jar:/home/davidbeltran/.m2/repository/io/opencensus/opencensus-contrib-http-util/0.31.1/opencensus-contrib-http-util-0.31.1.jar:/home/davidbeltran/.m2/repository/com/google/errorprone/error_prone_annotations/2.36.0/error_prone_annotations-2.36.0.jar:/home/davidbeltran/.m2/repository/com/google/api/grpc/proto-google-cloud-firestore-v1/3.30.8/proto-google-cloud-firestore-v1-3.30.8.jar:/home/davidbeltran/.m2/repository/com/google/cloud/proto-google-cloud-firestore-bundle-v1/3.30.8/proto-google-cloud-firestore-bundle-v1-3.30.8.jar:/home/davidbeltran/.m2/repository/com/google/auto/value/auto-value-annotations/1.11.0/auto-value-annotations-1.11.0.jar:/home/davidbeltran/.m2/repository/com/google/code/findbugs/jsr305/3.0.2/jsr305-3.0.2.jar:/home/davidbeltran/.m2/repository/com/google/api/api-common/2.44.0/api-common-2.44.0.jar:/home/davidbeltran/.m2/repository/com/google/j2objc/j2objc-annotations/3.0.0/j2objc-annotations-3.0.0.jar:/home/davidbeltran/.m2/repository/io/grpc/grpc-protobuf/1.69.0/grpc-protobuf-1.69.0.jar:/home/davidbeltran/.m2/repository/io/grpc/grpc-protobuf-lite/1.69.0/grpc-protobuf-lite-1.69.0.jar:/home/davidbeltran/.m2/repository/com/google/protobuf/protobuf-java/4.29.0/protobuf-java-4.29.0.jar:/home/davidbeltran/.m2/repository/com/google/api/grpc/proto-google-common-protos/2.52.0/proto-google-common-protos-2.52.0.jar:/home/davidbeltran/.m2/repository/com/google/api/gax/2.61.0/gax-2.61.0.jar:/home/davidbeltran/.m2/repository/io/opencensus/opencensus-api/0.31.1/opencensus-api-0.31.1.jar:/home/davidbeltran/.m2/repository/com/google/auth/google-auth-library-oauth2-http/1.32.1/google-auth-library-oauth2-http-1.32.1.jar:/home/davidbeltran/.m2/repository/io/grpc/grpc-api/1.69.0/grpc-api-1.69.0.jar:/home/davidbeltran/.m2/repository/com/google/api/gax-grpc/2.61.0/gax-grpc-2.61.0.jar:/home/davidbeltran/.m2/repository/io/grpc/grpc-inprocess/1.69.0/grpc-inprocess-1.69.0.jar:/home/davidbeltran/.m2/repository/io/grpc/grpc-core/1.69.0/grpc-core-1.69.0.jar:/home/davidbeltran/.m2/repository/io/grpc/grpc-alts/1.69.0/grpc-alts-1.69.0.jar:/home/davidbeltran/.m2/repository/io/grpc/grpc-grpclb/1.69.0/grpc-grpclb-1.69.0.jar:/home/davidbeltran/.m2/repository/org/conscrypt/conscrypt-openjdk-uber/2.5.2/conscrypt-openjdk-uber-2.5.2.jar:/home/davidbeltran/.m2/repository/io/grpc/grpc-auth/1.69.0/grpc-auth-1.69.0.jar:/home/davidbeltran/.m2/repository/io/grpc/grpc-netty-shaded/1.69.0/grpc-netty-shaded-1.69.0.jar:/home/davidbeltran/.m2/repository/io/grpc/grpc-util/1.69.0/grpc-util-1.69.0.jar:/home/davidbeltran/.m2/repository/io/perfmark/perfmark-api/0.27.0/perfmark-api-0.27.0.jar:/home/davidbeltran/.m2/repository/io/grpc/grpc-googleapis/1.69.0/grpc-googleapis-1.69.0.jar:/home/davidbeltran/.m2/repository/io/grpc/grpc-xds/1.69.0/grpc-xds-1.69.0.jar:/home/davidbeltran/.m2/repository/com/google/api/gax-httpjson/2.61.0/gax-httpjson-2.61.0.jar:/home/davidbeltran/.m2/repository/com/google/http-client/google-http-client-gson/1.46.1/google-http-client-gson-1.46.1.jar:/home/davidbeltran/.m2/repository/com/google/guava/guava/33.4.0-jre/guava-33.4.0-jre.jar:/home/davidbeltran/.m2/repository/com/google/guava/failureaccess/1.0.2/failureaccess-1.0.2.jar:/home/davidbeltran/.m2/repository/com/google/guava/listenablefuture/9999.0-empty-to-avoid-conflict-with-guava/listenablefuture-9999.0-empty-to-avoid-conflict-with-guava.jar:/home/davidbeltran/.m2/repository/org/checkerframework/checker-qual/3.49.0/checker-qual-3.49.0.jar:/home/davidbeltran/.m2/repository/org/threeten/threetenbp/1.7.0/threetenbp-1.7.0.jar:/home/davidbeltran/.m2/repository/io/grpc/grpc-stub/1.69.0/grpc-stub-1.69.0.jar:/home/davidbeltran/.m2/repository/com/google/auth/google-auth-library-credentials/1.32.1/google-auth-library-credentials-1.32.1.jar:/home/davidbeltran/.m2/repository/com/google/cloud/google-cloud-core/2.51.0/google-cloud-core-2.51.0.jar:/home/davidbeltran/.m2/repository/com/google/api/grpc/proto-google-iam-v1/1.47.0/proto-google-iam-v1-1.47.0.jar:/home/davidbeltran/.m2/repository/com/google/code/gson/gson/2.11.0/gson-2.11.0.jar:/home/davidbeltran/.m2/repository/com/google/protobuf/protobuf-java-util/4.29.0/protobuf-java-util-4.29.0.jar:/home/davidbeltran/.m2/repository/io/opentelemetry/opentelemetry-api/1.47.0/opentelemetry-api-1.47.0.jar:/home/davidbeltran/.m2/repository/io/opentelemetry/opentelemetry-context/1.43.0/opentelemetry-context-1.43.0.jar:/home/davidbeltran/.m2/repository/io/opentelemetry/instrumentation/opentelemetry-grpc-1.6/2.1.0-alpha/opentelemetry-grpc-1.6-2.1.0-alpha.jar:/home/davidbeltran/.m2/repository/io/opentelemetry/instrumentation/opentelemetry-instrumentation-api/2.1.0/opentelemetry-instrumentation-api-2.1.0.jar:/home/davidbeltran/.m2/repository/io/opentelemetry/opentelemetry-extension-incubator/1.35.0-alpha/opentelemetry-extension-incubator-1.35.0-alpha.jar:/home/davidbeltran/.m2/repository/io/opentelemetry/semconv/opentelemetry-semconv/1.26.0-alpha/opentelemetry-semconv-1.26.0-alpha.jar:/home/davidbeltran/.m2/repository/io/opentelemetry/instrumentation/opentelemetry-instrumentation-api-incubator/2.1.0-alpha/opentelemetry-instrumentation-api-incubator-2.1.0-alpha.jar:/home/davidbeltran/.m2/repository/io/opentelemetry/opentelemetry-sdk/1.43.0/opentelemetry-sdk-1.43.0.jar:/home/davidbeltran/.m2/repository/io/opentelemetry/opentelemetry-sdk-common/1.43.0/opentelemetry-sdk-common-1.43.0.jar:/home/davidbeltran/.m2/repository/io/opentelemetry/opentelemetry-sdk-trace/1.43.0/opentelemetry-sdk-trace-1.43.0.jar:/home/davidbeltran/.m2/repository/io/opentelemetry/opentelemetry-api-incubator/1.43.0-alpha/opentelemetry-api-incubator-1.43.0-alpha.jar:/home/davidbeltran/.m2/repository/io/opentelemetry/opentelemetry-sdk-logs/1.43.0/opentelemetry-sdk-logs-1.43.0.jar:/home/davidbeltran/.m2/repository/io/opentelemetry/opentelemetry-sdk-metrics/1.43.0/opentelemetry-sdk-metrics-1.43.0.jar:/home/davidbeltran/.m2/repository/com/google/cloud/opentelemetry/exporter-metrics/0.33.0/exporter-metrics-0.33.0.jar:/home/davidbeltran/.m2/repository/com/google/cloud/google-cloud-monitoring/3.59.0/google-cloud-monitoring-3.59.0.jar:/home/davidbeltran/.m2/repository/com/google/api/grpc/proto-google-cloud-monitoring-v3/3.59.0/proto-google-cloud-monitoring-v3-3.59.0.jar:/home/davidbeltran/.m2/repository/com/google/android/annotations/4.1.1.4/annotations-4.1.1.4.jar:/home/davidbeltran/.m2/repository/org/codehaus/mojo/animal-sniffer-annotations/1.24/animal-sniffer-annotations-1.24.jar:/home/davidbeltran/.m2/repository/io/grpc/grpc-services/1.69.0/grpc-services-1.69.0.jar:/home/davidbeltran/.m2/repository/com/google/re2j/re2j/1.7/re2j-1.7.jar:/home/davidbeltran/.m2/repository/commons-codec/commons-codec/1.17.2/commons-codec-1.17.2.jar:/home/davidbeltran/.m2/repository/com/google/cloud/opentelemetry/shared-resourcemapping/0.33.0/shared-resourcemapping-0.33.0.jar:/home/davidbeltran/.m2/repository/javax/annotation/javax.annotation-api/1.3.2/javax.annotation-api-1.3.2.jar:/home/davidbeltran/.m2/repository/com/google/cloud/spring-cloud-gcp-data-firestore/6.0.1/spring-cloud-gcp-data-firestore-6.0.1.jar:/home/davidbeltran/.m2/repository/com/google/api/grpc/grpc-google-cloud-firestore-v1/3.30.8/grpc-google-cloud-firestore-v1-3.30.8.jar:/home/davidbeltran/.m2/repository/org/springframework/data/spring-data-commons/3.4.3/spring-data-commons-3.4.3.jar:/home/davidbeltran/.m2/repository/org/springframework/spring-context/6.2.3/spring-context-6.2.3.jar:/home/davidbeltran/.m2/repository/org/springframework/spring-tx/6.2.3/spring-tx-6.2.3.jar:/home/davidbeltran/.m2/repository/com/google/cloud/spring-cloud-gcp-core/6.0.1/spring-cloud-gcp-core-6.0.1.jar:/home/davidbeltran/.m2/repository/io/projectreactor/reactor-core/3.7.3/reactor-core-3.7.3.jar:/home/davidbeltran/.m2/repository/org/reactivestreams/reactive-streams/1.0.4/reactive-streams-1.0.4.jar:/home/davidbeltran/.m2/repository/com/google/firebase/firebase-admin/9.4.3/firebase-admin-9.4.3.jar:/home/davidbeltran/.m2/repository/com/google/api-client/google-api-client/2.7.2/google-api-client-2.7.2.jar:/home/davidbeltran/.m2/repository/com/google/oauth-client/google-oauth-client/1.37.0/google-oauth-client-1.37.0.jar:/home/davidbeltran/.m2/repository/com/google/http-client/google-http-client-apache-v2/1.46.1/google-http-client-apache-v2-1.46.1.jar:/home/davidbeltran/.m2/repository/com/google/api-client/google-api-client-gson/2.7.2/google-api-client-gson-2.7.2.jar:/home/davidbeltran/.m2/repository/com/google/cloud/google-cloud-storage/2.48.2/google-cloud-storage-2.48.2.jar:/home/davidbeltran/.m2/repository/com/google/http-client/google-http-client-jackson2/1.46.1/google-http-client-jackson2-1.46.1.jar:/home/davidbeltran/.m2/repository/com/google/apis/google-api-services-storage/v1-rev20241206-2.0.0/google-api-services-storage-v1-rev20241206-2.0.0.jar:/home/davidbeltran/.m2/repository/com/google/cloud/google-cloud-core-http/2.51.0/google-cloud-core-http-2.51.0.jar:/home/davidbeltran/.m2/repository/com/google/http-client/google-http-client-appengine/1.46.1/google-http-client-appengine-1.46.1.jar:/home/davidbeltran/.m2/repository/com/google/api/grpc/proto-google-cloud-storage-v2/2.48.2/proto-google-cloud-storage-v2-2.48.2.jar:/home/davidbeltran/.m2/repository/com/google/api/grpc/grpc-google-cloud-storage-v2/2.48.2/grpc-google-cloud-storage-v2-2.48.2.jar:/home/davidbeltran/.m2/repository/com/google/api/grpc/gapic-google-cloud-storage-v2/2.48.2/gapic-google-cloud-storage-v2-2.48.2.jar:/home/davidbeltran/.m2/repository/io/grpc/grpc-opentelemetry/1.69.0/grpc-opentelemetry-1.69.0.jar:/home/davidbeltran/.m2/repository/io/opentelemetry/opentelemetry-sdk-extension-autoconfigure-spi/1.43.0/opentelemetry-sdk-extension-autoconfigure-spi-1.43.0.jar:/home/davidbeltran/.m2/repository/io/opentelemetry/contrib/opentelemetry-gcp-resources/1.37.0-alpha/opentelemetry-gcp-resources-1.37.0-alpha.jar:/home/davidbeltran/.m2/repository/com/google/cloud/opentelemetry/detector-resources-support/0.33.0/detector-resources-support-0.33.0.jar:/home/davidbeltran/.m2/repository/com/fasterxml/jackson/core/jackson-core/2.18.2/jackson-core-2.18.2.jar:/home/davidbeltran/.m2/repository/io/grpc/grpc-rls/1.69.0/grpc-rls-1.69.0.jar:/home/davidbeltran/.m2/repository/io/netty/netty-codec-http/4.1.118.Final/netty-codec-http-4.1.118.Final.jar:/home/davidbeltran/.m2/repository/io/netty/netty-common/4.1.118.Final/netty-common-4.1.118.Final.jar:/home/davidbeltran/.m2/repository/io/netty/netty-buffer/4.1.118.Final/netty-buffer-4.1.118.Final.jar:/home/davidbeltran/.m2/repository/io/netty/netty-codec/4.1.118.Final/netty-codec-4.1.118.Final.jar:/home/davidbeltran/.m2/repository/io/netty/netty-handler/4.1.118.Final/netty-handler-4.1.118.Final.jar:/home/davidbeltran/.m2/repository/io/netty/netty-resolver/4.1.118.Final/netty-resolver-4.1.118.Final.jar:/home/davidbeltran/.m2/repository/io/netty/netty-transport-native-unix-common/4.1.118.Final/netty-transport-native-unix-common-4.1.118.Final.jar:/home/davidbeltran/.m2/repository/io/netty/netty-transport/4.1.118.Final/netty-transport-4.1.118.Final.jar:/home/davidbeltran/.m2/repository/org/apache/httpcomponents/client5/httpclient5/5.4.2/httpclient5-5.4.2.jar:/home/davidbeltran/.m2/repository/org/apache/httpcomponents/core5/httpcore5/5.3.3/httpcore5-5.3.3.jar:/home/davidbeltran/.m2/repository/org/apache/httpcomponents/core5/httpcore5-h2/5.3.3/httpcore5-h2-5.3.3.jar:/home/davidbeltran/.m2/repository/org/projectlombok/lombok/1.18.36/lombok-1.18.36.jar:"/>
    <property name="java.vm.vendor" value="Eclipse Adoptium"/>
    <property name="sun.arch.data.model" value="64"/>
    <property name="java.vendor.url" value="https://adoptium.net/"/>
    <property name="user.timezone" value="America/Bogota"/>
    <property name="os.name" value="Linux"/>
    <property name="java.vm.specification.version" value="21"/>
    <property name="APPLICATION_NAME" value="reserva-tickets"/>
    <property name="sun.java.launcher" value="SUN_STANDARD"/>
    <property name="user.country" value="CO"/>
    <property name="sun.boot.library.path" value="/home/davidbeltran/.config/Code/User/globalStorage/pleiades.java-extension-pack-jdk/java/21/lib"/>
    <property name="sun.java.command" value="/home/davidbeltran/Documentos/Personal/Prueba/reserva-tickets/target/surefire/surefirebooter-20250302204747099_3.jar /home/davidbeltran/Documentos/Personal/Prueba/reserva-tickets/target/surefire 2025-03-02T20-47-47_027-jvmRun1 surefire-20250302204747099_1tmp surefire_0-20250302204747099_2tmp"/>
    <property name="jdk.debug" value="release"/>
    <property name="surefire.test.class.path" value="/home/davidbeltran/Documentos/Personal/Prueba/reserva-tickets/target/test-classes:/home/davidbeltran/Documentos/Personal/Prueba/reserva-tickets/target/classes:/home/davidbeltran/.m2/repository/org/springframework/boot/spring-boot-starter-web/3.4.3/spring-boot-starter-web-3.4.3.jar:/home/davidbeltran/.m2/repository/org/springframework/boot/spring-boot-starter/3.4.3/spring-boot-starter-3.4.3.jar:/home/davidbeltran/.m2/repository/org/springframework/boot/spring-boot/3.4.3/spring-boot-3.4.3.jar:/home/davidbeltran/.m2/repository/org/springframework/boot/spring-boot-autoconfigure/3.4.3/spring-boot-autoconfigure-3.4.3.jar:/home/davidbeltran/.m2/repository/org/springframework/boot/spring-boot-starter-logging/3.4.3/spring-boot-starter-logging-3.4.3.jar:/home/davidbeltran/.m2/repository/ch/qos/logback/logback-classic/1.5.16/logback-classic-1.5.16.jar:/home/davidbeltran/.m2/repository/ch/qos/logback/logback-core/1.5.16/logback-core-1.5.16.jar:/home/davidbeltran/.m2/repository/org/apache/logging/log4j/log4j-to-slf4j/2.24.3/log4j-to-slf4j-2.24.3.jar:/home/davidbeltran/.m2/repository/org/apache/logging/log4j/log4j-api/2.24.3/log4j-api-2.24.3.jar:/home/davidbeltran/.m2/repository/org/slf4j/jul-to-slf4j/2.0.16/jul-to-slf4j-2.0.16.jar:/home/davidbeltran/.m2/repository/jakarta/annotation/jakarta.annotation-api/2.1.1/jakarta.annotation-api-2.1.1.jar:/home/davidbeltran/.m2/repository/org/yaml/snakeyaml/2.3/snakeyaml-2.3.jar:/home/davidbeltran/.m2/repository/org/springframework/boot/spring-boot-starter-json/3.4.3/spring-boot-starter-json-3.4.3.jar:/home/davidbeltran/.m2/repository/com/fasterxml/jackson/core/jackson-databind/2.18.2/jackson-databind-2.18.2.jar:/home/davidbeltran/.m2/repository/com/fasterxml/jackson/core/jackson-annotations/2.18.2/jackson-annotations-2.18.2.jar:/home/davidbeltran/.m2/repository/com/fasterxml/jackson/datatype/jackson-datatype-jdk8/2.18.2/jackson-datatype-jdk8-2.18.2.jar:/home/davidbeltran/.m2/repository/com/fasterxml/jackson/datatype/jackson-datatype-jsr310/2.18.2/jackson-datatype-jsr310-2.18.2.jar:/home/davidbeltran/.m2/repository/com/fasterxml/jackson/module/jackson-module-parameter-names/2.18.2/jackson-module-parameter-names-2.18.2.jar:/home/davidbeltran/.m2/repository/org/springframework/boot/spring-boot-starter-tomcat/3.4.3/spring-boot-starter-tomcat-3.4.3.jar:/home/davidbeltran/.m2/repository/org/apache/tomcat/embed/tomcat-embed-core/10.1.36/tomcat-embed-core-10.1.36.jar:/home/davidbeltran/.m2/repository/org/apache/tomcat/embed/tomcat-embed-el/10.1.36/tomcat-embed-el-10.1.36.jar:/home/davidbeltran/.m2/repository/org/apache/tomcat/embed/tomcat-embed-websocket/10.1.36/tomcat-embed-websocket-10.1.36.jar:/home/davidbeltran/.m2/repository/org/springframework/spring-web/6.2.3/spring-web-6.2.3.jar:/home/davidbeltran/.m2/repository/org/springframework/spring-beans/6.2.3/spring-beans-6.2.3.jar:/home/davidbeltran/.m2/repository/io/micrometer/micrometer-observation/1.14.4/micrometer-observation-1.14.4.jar:/home/davidbeltran/.m2/repository/io/micrometer/micrometer-commons/1.14.4/micrometer-commons-1.14.4.jar:/home/davidbeltran/.m2/repository/org/springframework/spring-webmvc/6.2.3/spring-webmvc-6.2.3.jar:/home/davidbeltran/.m2/repository/org/springframework/spring-aop/6.2.3/spring-aop-6.2.3.jar:/home/davidbeltran/.m2/repository/org/springframework/spring-expression/6.2.3/spring-expression-6.2.3.jar:/home/davidbeltran/.m2/repository/com/google/cloud/spring-cloud-gcp-starter-storage/6.0.1/spring-cloud-gcp-starter-storage-6.0.1.jar:/home/davidbeltran/.m2/repository/com/google/cloud/spring-cloud-gcp-starter/6.0.1/spring-cloud-gcp-starter-6.0.1.jar:/home/davidbeltran/.m2/repository/com/google/cloud/spring-cloud-gcp-autoconfigure/6.0.1/spring-cloud-gcp-autoconfigure-6.0.1.jar:/home/davidbeltran/.m2/repository/com/google/cloud/spring-cloud-gcp-secretmanager/6.0.1/spring-cloud-gcp-secretmanager-6.0.1.jar:/home/davidbeltran/.m2/repository/org/springframework/cloud/spring-cloud-context/4.2.0/spring-cloud-context-4.2.0.jar:/home/davidbeltran/.m2/repository/org/springframework/security/spring-security-crypto/6.4.3/spring-security-crypto-6.4.3.jar:/home/davidbeltran/.m2/repository/com/google/cloud/google-cloud-secretmanager/2.58.0/google-cloud-secretmanager-2.58.0.jar:/home/davidbeltran/.m2/repository/com/google/api/grpc/proto-google-cloud-secretmanager-v1beta1/2.58.0/proto-google-cloud-secretmanager-v1beta1-2.58.0.jar:/home/davidbeltran/.m2/repository/com/google/api/grpc/proto-google-cloud-secretmanager-v1beta2/2.58.0/proto-google-cloud-secretmanager-v1beta2-2.58.0.jar:/home/davidbeltran/.m2/repository/com/google/api/grpc/proto-google-cloud-secretmanager-v1/2.58.0/proto-google-cloud-secretmanager-v1-2.58.0.jar:/home/davidbeltran/.m2/repository/org/apache/commons/commons-lang3/3.17.0/commons-lang3-3.17.0.jar:/home/davidbeltran/.m2/repository/com/google/cloud/spring-cloud-gcp-storage/6.0.1/spring-cloud-gcp-storage-6.0.1.jar:/home/davidbeltran/.m2/repository/org/slf4j/slf4j-api/2.0.16/slf4j-api-2.0.16.jar:/home/davidbeltran/.m2/repository/com/google/cloud/spring-cloud-gcp-starter-data-firestore/6.0.1/spring-cloud-gcp-starter-data-firestore-6.0.1.jar:/home/davidbeltran/.m2/repository/org/springframework/boot/spring-boot-starter-test/3.4.3/spring-boot-starter-test-3.4.3.jar:/home/davidbeltran/.m2/repository/org/springframework/boot/spring-boot-test/3.4.3/spring-boot-test-3.4.3.jar:/home/davidbeltran/.m2/repository/org/springframework/boot/spring-boot-test-autoconfigure/3.4.3/spring-boot-test-autoconfigure-3.4.3.jar:/home/davidbeltran/.m2/repository/com/jayway/jsonpath/json-path/2.9.0/json-path-2.9.0.jar:/home/davidbeltran/.m2/repository/jakarta/xml/bind/jakarta.xml.bind-api/4.0.2/jakarta.xml.bind-api-4.0.2.jar:/home/davidbeltran/.m2/repository/jakarta/activation/jakarta.activation-api/2.1.3/jakarta.activation-api-2.1.3.jar:/home/davidbeltran/.m2/repository/net/minidev/json-smart/2.5.2/json-smart-2.5.2.jar:/home/davidbeltran/.m2/repository/net/minidev/accessors-smart/2.5.2/accessors-smart-2.5.2.jar:/home/davidbeltran/.m2/repository/org/ow2/asm/asm/9.7.1/asm-9.7.1.jar:/home/davidbeltran/.m2/repository/org/assertj/assertj-core/3.26.3/assertj-core-3.26.3.jar:/home/davidbeltran/.m2/repository/net/bytebuddy/byte-buddy/1.15.11/byte-buddy-1.15.11.jar:/home/davidbeltran/.m2/repository/org/awaitility/awaitility/4.2.2/awaitility-4.2.2.jar:/home/davidbeltran/.m2/repository/org/hamcrest/hamcrest/2.2/hamcrest-2.2.jar:/home/davidbeltran/.m2/repository/org/junit/jupiter/junit-jupiter/5.11.4/junit-jupiter-5.11.4.jar:/home/davidbeltran/.m2/repository/org/junit/jupiter/junit-jupiter-api/5.11.4/junit-jupiter-api-5.11.4.jar:/home/davidbeltran/.m2/repository/org/opentest4j/opentest4j/1.3.0/opentest4j-1.3.0.jar:/home/davidbeltran/.m2/repository/org/junit/platform/junit-platform-commons/1.11.4/junit-platform-commons-1.11.4.jar:/home/davidbeltran/.m2/repository/org/apiguardian/apiguardian-api/1.1.2/apiguardian-api-1.1.2.jar:/home/davidbeltran/.m2/repository/org/junit/jupiter/junit-jupiter-params/5.11.4/junit-jupiter-params-5.11.4.jar:/home/davidbeltran/.m2/repository/org/junit/jupiter/junit-jupiter-engine/5.11.4/junit-jupiter-engine-5.11.4.jar:/home/davidbeltran/.m2/repository/org/junit/platform/junit-platform-engine/1.11.4/junit-platform-engine-1.11.4.jar:/home/davidbeltran/.m2/repository/org/mockito/mockito-core/5.14.2/mockito-core-5.14.2.jar:/home/davidbeltran/.m2/repository/net/bytebuddy/byte-buddy-agent/1.15.11/byte-buddy-agent-1.15.11.jar:/home/davidbeltran/.m2/repository/org/objenesis/objenesis/3.3/objenesis-3.3.jar:/home/davidbeltran/.m2/repository/org/mockito/mockito-junit-jupiter/5.14.2/mockito-junit-jupiter-5.14.2.jar:/home/davidbeltran/.m2/repository/org/skyscreamer/jsonassert/1.5.3/jsonassert-1.5.3.jar:/home/davidbeltran/.m2/repository/com/vaadin/external/google/android-json/0.0.20131108.vaadin1/android-json-0.0.20131108.vaadin1.jar:/home/davidbeltran/.m2/repository/org/springframework/spring-core/6.2.3/spring-core-6.2.3.jar:/home/davidbeltran/.m2/repository/org/springframework/spring-jcl/6.2.3/spring-jcl-6.2.3.jar:/home/davidbeltran/.m2/repository/org/springframework/spring-test/6.2.3/spring-test-6.2.3.jar:/home/davidbeltran/.m2/repository/org/xmlunit/xmlunit-core/2.10.0/xmlunit-core-2.10.0.jar:/home/davidbeltran/.m2/repository/com/google/cloud/google-cloud-firestore/3.30.8/google-cloud-firestore-3.30.8.jar:/home/davidbeltran/.m2/repository/com/google/cloud/google-cloud-core-grpc/2.51.0/google-cloud-core-grpc-2.51.0.jar:/home/davidbeltran/.m2/repository/com/google/http-client/google-http-client/1.46.1/google-http-client-1.46.1.jar:/home/davidbeltran/.m2/repository/org/apache/httpcomponents/httpclient/4.5.14/httpclient-4.5.14.jar:/home/davidbeltran/.m2/repository/org/apache/httpcomponents/httpcore/4.4.16/httpcore-4.4.16.jar:/home/davidbeltran/.m2/repository/io/grpc/grpc-context/1.69.0/grpc-context-1.69.0.jar:/home/davidbeltran/.m2/repository/io/opencensus/opencensus-contrib-http-util/0.31.1/opencensus-contrib-http-util-0.31.1.jar:/home/davidbeltran/.m2/repository/com/google/errorprone/error_prone_annotations/2.36.0/error_prone_annotations-2.36.0.jar:/home/davidbeltran/.m2/repository/com/google/api/grpc/proto-google-cloud-firestore-v1/3.30.8/proto-google-cloud-firestore-v1-3.30.8.jar:/home/davidbeltran/.m2/repository/com/google/cloud/proto-google-cloud-firestore-bundle-v1/3.30.8/proto-google-cloud-firestore-bundle-v1-3.30.8.jar:/home/davidbeltran/.m2/repository/com/google/auto/value/auto-value-annotations/1.11.0/auto-value-annotations-1.11.0.jar:/home/davidbeltran/.m2/repository/com/google/code/findbugs/jsr305/3.0.2/jsr305-3.0.2.jar:/home/davidbeltran/.m2/repository/com/google/api/api-common/2.44.0/api-common-2.44.0.jar:/home/davidbeltran/.m2/repository/com/google/j2objc/j2objc-annotations/3.0.0/j2objc-annotations-3.0.0.jar:/home/davidbeltran/.m2/repository/io/grpc/grpc-protobuf/1.69.0/grpc-protobuf-1.69.0.jar:/home/davidbeltran/.m2/repository/io/grpc/grpc-protobuf-lite/1.69.0/grpc-protobuf-lite-1.69.0.jar:/home/davidbeltran/.m2/repository/com/google/protobuf/protobuf-java/4.29.0/protobuf-java-4.29.0.jar:/home/davidbeltran/.m2/repository/com/google/api/grpc/proto-google-common-protos/2.52.0/proto-google-common-protos-2.52.0.jar:/home/davidbeltran/.m2/repository/com/google/api/gax/2.61.0/gax-2.61.0.jar:/home/davidbeltran/.m2/repository/io/opencensus/opencensus-api/0.31.1/opencensus-api-0.31.1.jar:/home/davidbeltran/.m2/repository/com/google/auth/google-auth-library-oauth2-http/1.32.1/google-auth-library-oauth2-http-1.32.1.jar:/home/davidbeltran/.m2/repository/io/grpc/grpc-api/1.69.0/grpc-api-1.69.0.jar:/home/davidbeltran/.m2/repository/com/google/api/gax-grpc/2.61.0/gax-grpc-2.61.0.jar:/home/davidbeltran/.m2/repository/io/grpc/grpc-inprocess/1.69.0/grpc-inprocess-1.69.0.jar:/home/davidbeltran/.m2/repository/io/grpc/grpc-core/1.69.0/grpc-core-1.69.0.jar:/home/davidbeltran/.m2/repository/io/grpc/grpc-alts/1.69.0/grpc-alts-1.69.0.jar:/home/davidbeltran/.m2/repository/io/grpc/grpc-grpclb/1.69.0/grpc-grpclb-1.69.0.jar:/home/davidbeltran/.m2/repository/org/conscrypt/conscrypt-openjdk-uber/2.5.2/conscrypt-openjdk-uber-2.5.2.jar:/home/davidbeltran/.m2/repository/io/grpc/grpc-auth/1.69.0/grpc-auth-1.69.0.jar:/home/davidbeltran/.m2/repository/io/grpc/grpc-netty-shaded/1.69.0/grpc-netty-shaded-1.69.0.jar:/home/davidbeltran/.m2/repository/io/grpc/grpc-util/1.69.0/grpc-util-1.69.0.jar:/home/davidbeltran/.m2/repository/io/perfmark/perfmark-api/0.27.0/perfmark-api-0.27.0.jar:/home/davidbeltran/.m2/repository/io/grpc/grpc-googleapis/1.69.0/grpc-googleapis-1.69.0.jar:/home/davidbeltran/.m2/repository/io/grpc/grpc-xds/1.69.0/grpc-xds-1.69.0.jar:/home/davidbeltran/.m2/repository/com/google/api/gax-httpjson/2.61.0/gax-httpjson-2.61.0.jar:/home/davidbeltran/.m2/repository/com/google/http-client/google-http-client-gson/1.46.1/google-http-client-gson-1.46.1.jar:/home/davidbeltran/.m2/repository/com/google/guava/guava/33.4.0-jre/guava-33.4.0-jre.jar:/home/davidbeltran/.m2/repository/com/google/guava/failureaccess/1.0.2/failureaccess-1.0.2.jar:/home/davidbeltran/.m2/repository/com/google/guava/listenablefuture/9999.0-empty-to-avoid-conflict-with-guava/listenablefuture-9999.0-empty-to-avoid-conflict-with-guava.jar:/home/davidbeltran/.m2/repository/org/checkerframework/checker-qual/3.49.0/checker-qual-3.49.0.jar:/home/davidbeltran/.m2/repository/org/threeten/threetenbp/1.7.0/threetenbp-1.7.0.jar:/home/davidbeltran/.m2/repository/io/grpc/grpc-stub/1.69.0/grpc-stub-1.69.0.jar:/home/davidbeltran/.m2/repository/com/google/auth/google-auth-library-credentials/1.32.1/google-auth-library-credentials-1.32.1.jar:/home/davidbeltran/.m2/repository/com/google/cloud/google-cloud-core/2.51.0/google-cloud-core-2.51.0.jar:/home/davidbeltran/.m2/repository/com/google/api/grpc/proto-google-iam-v1/1.47.0/proto-google-iam-v1-1.47.0.jar:/home/davidbeltran/.m2/repository/com/google/code/gson/gson/2.11.0/gson-2.11.0.jar:/home/davidbeltran/.m2/repository/com/google/protobuf/protobuf-java-util/4.29.0/protobuf-java-util-4.29.0.jar:/home/davidbeltran/.m2/repository/io/opentelemetry/opentelemetry-api/1.47.0/opentelemetry-api-1.47.0.jar:/home/davidbeltran/.m2/repository/io/opentelemetry/opentelemetry-context/1.43.0/opentelemetry-context-1.43.0.jar:/home/davidbeltran/.m2/repository/io/opentelemetry/instrumentation/opentelemetry-grpc-1.6/2.1.0-alpha/opentelemetry-grpc-1.6-2.1.0-alpha.jar:/home/davidbeltran/.m2/repository/io/opentelemetry/instrumentation/opentelemetry-instrumentation-api/2.1.0/opentelemetry-instrumentation-api-2.1.0.jar:/home/davidbeltran/.m2/repository/io/opentelemetry/opentelemetry-extension-incubator/1.35.0-alpha/opentelemetry-extension-incubator-1.35.0-alpha.jar:/home/davidbeltran/.m2/repository/io/opentelemetry/semconv/opentelemetry-semconv/1.26.0-alpha/opentelemetry-semconv-1.26.0-alpha.jar:/home/davidbeltran/.m2/repository/io/opentelemetry/instrumentation/opentelemetry-instrumentation-api-incubator/2.1.0-alpha/opentelemetry-instrumentation-api-incubator-2.1.0-alpha.jar:/home/davidbeltran/.m2/repository/io/opentelemetry/opentelemetry-sdk/1.43.0/opentelemetry-sdk-1.43.0.jar:/home/davidbeltran/.m2/repository/io/opentelemetry/opentelemetry-sdk-common/1.43.0/opentelemetry-sdk-common-1.43.0.jar:/home/davidbeltran/.m2/repository/io/opentelemetry/opentelemetry-sdk-trace/1.43.0/opentelemetry-sdk-trace-1.43.0.jar:/home/davidbeltran/.m2/repository/io/opentelemetry/opentelemetry-api-incubator/1.43.0-alpha/opentelemetry-api-incubator-1.43.0-alpha.jar:/home/davidbeltran/.m2/repository/io/opentelemetry/opentelemetry-sdk-logs/1.43.0/opentelemetry-sdk-logs-1.43.0.jar:/home/davidbeltran/.m2/repository/io/opentelemetry/opentelemetry-sdk-metrics/1.43.0/opentelemetry-sdk-metrics-1.43.0.jar:/home/davidbeltran/.m2/repository/com/google/cloud/opentelemetry/exporter-metrics/0.33.0/exporter-metrics-0.33.0.jar:/home/davidbeltran/.m2/repository/com/google/cloud/google-cloud-monitoring/3.59.0/google-cloud-monitoring-3.59.0.jar:/home/davidbeltran/.m2/repository/com/google/api/grpc/proto-google-cloud-monitoring-v3/3.59.0/proto-google-cloud-monitoring-v3-3.59.0.jar:/home/davidbeltran/.m2/repository/com/google/android/annotations/4.1.1.4/annotations-4.1.1.4.jar:/home/davidbeltran/.m2/repository/org/codehaus/mojo/animal-sniffer-annotations/1.24/animal-sniffer-annotations-1.24.jar:/home/davidbeltran/.m2/repository/io/grpc/grpc-services/1.69.0/grpc-services-1.69.0.jar:/home/davidbeltran/.m2/repository/com/google/re2j/re2j/1.7/re2j-1.7.jar:/home/davidbeltran/.m2/repository/commons-codec/commons-codec/1.17.2/commons-codec-1.17.2.jar:/home/davidbeltran/.m2/repository/com/google/cloud/opentelemetry/shared-resourcemapping/0.33.0/shared-resourcemapping-0.33.0.jar:/home/davidbeltran/.m2/repository/javax/annotation/javax.annotation-api/1.3.2/javax.annotation-api-1.3.2.jar:/home/davidbeltran/.m2/repository/com/google/cloud/spring-cloud-gcp-data-firestore/6.0.1/spring-cloud-gcp-data-firestore-6.0.1.jar:/home/davidbeltran/.m2/repository/com/google/api/grpc/grpc-google-cloud-firestore-v1/3.30.8/grpc-google-cloud-firestore-v1-3.30.8.jar:/home/davidbeltran/.m2/repository/org/springframework/data/spring-data-commons/3.4.3/spring-data-commons-3.4.3.jar:/home/davidbeltran/.m2/repository/org/springframework/spring-context/6.2.3/spring-context-6.2.3.jar:/home/davidbeltran/.m2/repository/org/springframework/spring-tx/6.2.3/spring-tx-6.2.3.jar:/home/davidbeltran/.m2/repository/com/google/cloud/spring-cloud-gcp-core/6.0.1/spring-cloud-gcp-core-6.0.1.jar:/home/davidbeltran/.m2/repository/io/projectreactor/reactor-core/3.7.3/reactor-core-3.7.3.jar:/home/davidbeltran/.m2/repository/org/reactivestreams/reactive-streams/1.0.4/reactive-streams-1.0.4.jar:/home/davidbeltran/.m2/repository/com/google/firebase/firebase-admin/9.4.3/firebase-admin-9.4.3.jar:/home/davidbeltran/.m2/repository/com/google/api-client/google-api-client/2.7.2/google-api-client-2.7.2.jar:/home/davidbeltran/.m2/repository/com/google/oauth-client/google-oauth-client/1.37.0/google-oauth-client-1.37.0.jar:/home/davidbeltran/.m2/repository/com/google/http-client/google-http-client-apache-v2/1.46.1/google-http-client-apache-v2-1.46.1.jar:/home/davidbeltran/.m2/repository/com/google/api-client/google-api-client-gson/2.7.2/google-api-client-gson-2.7.2.jar:/home/davidbeltran/.m2/repository/com/google/cloud/google-cloud-storage/2.48.2/google-cloud-storage-2.48.2.jar:/home/davidbeltran/.m2/repository/com/google/http-client/google-http-client-jackson2/1.46.1/google-http-client-jackson2-1.46.1.jar:/home/davidbeltran/.m2/repository/com/google/apis/google-api-services-storage/v1-rev20241206-2.0.0/google-api-services-storage-v1-rev20241206-2.0.0.jar:/home/davidbeltran/.m2/repository/com/google/cloud/google-cloud-core-http/2.51.0/google-cloud-core-http-2.51.0.jar:/home/davidbeltran/.m2/repository/com/google/http-client/google-http-client-appengine/1.46.1/google-http-client-appengine-1.46.1.jar:/home/davidbeltran/.m2/repository/com/google/api/grpc/proto-google-cloud-storage-v2/2.48.2/proto-google-cloud-storage-v2-2.48.2.jar:/home/davidbeltran/.m2/repository/com/google/api/grpc/grpc-google-cloud-storage-v2/2.48.2/grpc-google-cloud-storage-v2-2.48.2.jar:/home/davidbeltran/.m2/repository/com/google/api/grpc/gapic-google-cloud-storage-v2/2.48.2/gapic-google-cloud-storage-v2-2.48.2.jar:/home/davidbeltran/.m2/repository/io/grpc/grpc-opentelemetry/1.69.0/grpc-opentelemetry-1.69.0.jar:/home/davidbeltran/.m2/repository/io/opentelemetry/opentelemetry-sdk-extension-autoconfigure-spi/1.43.0/opentelemetry-sdk-extension-autoconfigure-spi-1.43.0.jar:/home/davidbeltran/.m2/repository/io/opentelemetry/contrib/opentelemetry-gcp-resources/1.37.0-alpha/opentelemetry-gcp-resources-1.37.0-alpha.jar:/home/davidbeltran/.m2/repository/com/google/cloud/opentelemetry/detector-resources-support/0.33.0/detector-resources-support-0.33.0.jar:/home/davidbeltran/.m2/repository/com/fasterxml/jackson/core/jackson-core/2.18.2/jackson-core-2.18.2.jar:/home/davidbeltran/.m2/repository/io/grpc/grpc-rls/1.69.0/grpc-rls-1.69.0.jar:/home/davidbeltran/.m2/repository/io/netty/netty-codec-http/4.1.118.Final/netty-codec-http-4.1.118.Final.jar:/home/davidbeltran/.m2/repository/io/netty/netty-common/4.1.118.Final/netty-common-4.1.118.Final.jar:/home/davidbeltran/.m2/repository/io/netty/netty-buffer/4.1.118.Final/netty-buffer-4.1.118.Final.jar:/home/davidbeltran/.m2/repository/io/netty/netty-codec/4.1.118.Final/netty-codec-4.1.118.Final.jar:/home/davidbeltran/.m2/repository/io/netty/netty-handler/4.1.118.Final/netty-handler-4.1.118.Final.jar:/home/davidbeltran/.m2/repository/io/netty/netty-resolver/4.1.118.Final/netty-resolver-4.1.118.Final.jar:/home/davidbeltran/.m2/repository/io/netty/netty-transport-native-unix-common/4.1.118.Final/netty-transport-native-unix-common-4.1.118.Final.jar:/home/davidbeltran/.m2/repository/io/netty/netty-transport/4.1.118.Final/netty-transport-4.1.118.Final.jar:/home/davidbeltran/.m2/repository/org/apache/httpcomponents/client5/httpclient5/5.4.2/httpclient5-5.4.2.jar:/home/davidbeltran/.m2/repository/org/apache/httpcomponents/core5/httpcore5/5.3.3/httpcore5-5.3.3.jar:/home/davidbeltran/.m2/repository/org/apache/httpcomponents/core5/httpcore5-h2/5.3.3/httpcore5-h2-5.3.3.jar:/home/davidbeltran/.m2/repository/org/projectlombok/lombok/1.18.36/lombok-1.18.36.jar:"/>
    <property name="sun.cpu.endian" value="little"/>
    <property name="user.home" value="/home/davidbeltran"/>
    <property name="user.language" value="es"/>
    <property name="java.specification.vendor" value="Oracle Corporation"/>
    <property name="java.version.date" value="2025-01-21"/>
    <property name="java.home" value="/home/davidbeltran/.config/Code/User/globalStorage/pleiades.java-extension-pack-jdk/java/21"/>
    <property name="file.separator" value="/"/>
    <property name="basedir" value="/home/davidbeltran/Documentos/Personal/Prueba/reserva-tickets"/>
    <property name="java.vm.compressedOopsMode" value="Zero based"/>
    <property name="line.separator" value="&#10;"/>
    <property name="java.vm.specification.vendor" value="Oracle Corporation"/>
    <property name="java.specification.name" value="Java Platform API Specification"/>
    <property name="FILE_LOG_CHARSET" value="UTF-8"/>
    <property name="java.awt.headless" value="true"/>
    <property name="surefire.real.class.path" value="/home/davidbeltran/Documentos/Personal/Prueba/reserva-tickets/target/surefire/surefirebooter-20250302204747099_3.jar"/>
    <property name="sun.management.compiler" value="HotSpot 64-Bit Tiered Compilers"/>
    <property name="java.runtime.version" value="21.0.6+7-LTS"/>
    <property name="user.name" value="davidbeltran"/>
    <property name="stdout.encoding" value="UTF-8"/>
    <property name="path.separator" value=":"/>
    <property name="os.version" value="6.8.0-52-generic"/>
    <property name="java.runtime.name" value="OpenJDK Runtime Environment"/>
    <property name="file.encoding" value="UTF-8"/>
    <property name="java.vm.name" value="OpenJDK 64-Bit Server VM"/>
    <property name="java.vendor.version" value="Temurin-21.0.6+7"/>
    <property name="localRepository" value="/home/davidbeltran/.m2/repository"/>
    <property name="java.vendor.url.bug" value="https://github.com/adoptium/adoptium-support/issues"/>
    <property name="java.io.tmpdir" value="/tmp"/>
    <property name="java.version" value="21.0.6"/>
    <property name="user.dir" value="/home/davidbeltran/Documentos/Personal/Prueba/reserva-tickets"/>
    <property name="os.arch" value="amd64"/>
    <property name="java.vm.specification.name" value="Java Virtual Machine Specification"/>
    <property name="PID" value="51604"/>
    <property name="CONSOLE_LOG_CHARSET" value="UTF-8"/>
    <property name="native.encoding" value="UTF-8"/>
    <property name="java.library.path" value="/usr/java/packages/lib:/usr/lib64:/lib64:/lib:/usr/lib"/>
    <property name="java.vm.info" value="mixed mode, sharing"/>
    <property name="stderr.encoding" value="UTF-8"/>
    <property name="java.vendor" value="Eclipse Adoptium"/>
    <property name="java.vm.version" value="21.0.6+7-LTS"/>
    <property name="sun.io.unicode.encoding" value="UnicodeLittle"/>
    <property name="java.class.version" value="65.0"/>
    <property name="LOGGED_APPLICATION_NAME" value="[reserva-tickets] "/>
  </properties>
  <testcase name="contextLoads" classname="meli.reserva.tickets.reserva_tickets.ReservaTicketsApplicationTests" time="0.512">
    <system-out><![CDATA[20:47:47.589 [main] INFO org.springframework.test.context.support.AnnotationConfigContextLoaderUtils -- Could not detect default configuration classes for test class [meli.reserva.tickets.reserva_tickets.ReservaTicketsApplicationTests]: ReservaTicketsApplicationTests does not declare any static, non-private, non-final, nested classes annotated with @Configuration.
20:47:47.661 [main] INFO org.springframework.boot.test.context.SpringBootTestContextBootstrapper -- Found @SpringBootConfiguration meli.reserva.tickets.ReservaTicketsApplication for test class meli.reserva.tickets.reserva_tickets.ReservaTicketsApplicationTests

  .   ____          _            __ _ _
 /\\ / ___'_ __ _ _(_)_ __  __ _ \ \ \ \
( ( )\___ | '_ | '_| | '_ \/ _` | \ \ \ \
 \\/  ___)| |_)| | | | | || (_| |  ) ) ) )
  '  |____| .__|_| |_|_| |_\__, | / / / /
 =========|_|==============|___/=/_/_/_/

 :: Spring Boot ::                (v3.4.3)

2025-03-02T20:47:47.937-05:00  INFO 51604 --- [reserva-tickets] [           main] m.r.t.r.ReservaTicketsApplicationTests   : Starting ReservaTicketsApplicationTests using Java 21.0.6 with PID 51604 (started by davidbeltran in /home/davidbeltran/Documentos/Personal/Prueba/reserva-tickets)
2025-03-02T20:47:47.938-05:00  INFO 51604 --- [reserva-tickets] [           main] m.r.t.r.ReservaTicketsApplicationTests   : No active profile set, falling back to 1 default profile: "default"
2025-03-02T20:47:48.280-05:00  INFO 51604 --- [reserva-tickets] [           main] .s.d.r.c.RepositoryConfigurationDelegate : Bootstrapping Spring Data Firestore-reactive repositories in DEFAULT mode.
2025-03-02T20:47:48.387-05:00  INFO 51604 --- [reserva-tickets] [           main] .s.d.r.c.RepositoryConfigurationDelegate : Finished Spring Data repository scanning in 103 ms. Found 1 Firestore-reactive repository interface.
2025-03-02T20:47:48.547-05:00  INFO 51604 --- [reserva-tickets] [           main] o.s.cloud.context.scope.GenericScope     : BeanFactory id=82ef9eb6-4be8-3eaa-8293-6ba3396165d3
2025-03-02T20:47:48.661-05:00  INFO 51604 --- [reserva-tickets] [           main] c.g.c.s.a.c.GcpContextAutoConfiguration  : The default project ID is clever-span-452523-f2
2025-03-02T20:47:48.703-05:00  INFO 51604 --- [reserva-tickets] [           main] c.g.c.s.core.DefaultCredentialsProvider  : Default credentials provider for service account reserva-tickets@clever-span-452523-f2.iam.gserviceaccount.com
2025-03-02T20:47:48.704-05:00  INFO 51604 --- [reserva-tickets] [           main] c.g.c.s.core.DefaultCredentialsProvider  : Scopes in use by default credentials: [https://www.googleapis.com/auth/pubsub, https://www.googleapis.com/auth/spanner.admin, https://www.googleapis.com/auth/spanner.data, https://www.googleapis.com/auth/datastore, https://www.googleapis.com/auth/sqlservice.admin, https://www.googleapis.com/auth/devstorage.read_only, https://www.googleapis.com/auth/devstorage.read_write, https://www.googleapis.com/auth/cloudruntimeconfig, https://www.googleapis.com/auth/trace.append, https://www.googleapis.com/auth/cloud-platform, https://www.googleapis.com/auth/cloud-vision, https://www.googleapis.com/auth/bigquery, https://www.googleapis.com/auth/monitoring.write]
2025-03-02T20:47:49.830-05:00  INFO 51604 --- [reserva-tickets] [           main] m.r.t.r.ReservaTicketsApplicationTests   : Started ReservaTicketsApplicationTests in 2.078 seconds (process running for 2.672)
]]></system-out>
    <system-err><![CDATA[Mockito is currently self-attaching to enable the inline-mock-maker. This will no longer work in future releases of the JDK. Please add Mockito as an agent to your build what is described in Mockito's documentation: https://javadoc.io/doc/org.mockito/mockito-core/latest/org/mockito/Mockito.html#0.3
WARNING: A Java agent has been loaded dynamically (/home/davidbeltran/.m2/repository/net/bytebuddy/byte-buddy-agent/1.15.11/byte-buddy-agent-1.15.11.jar)
WARNING: If a serviceability tool is in use, please run with -XX:+EnableDynamicAgentLoading to hide this warning
WARNING: If a serviceability tool is not in use, please run with -Djdk.instrument.traceUsage for more information
WARNING: Dynamic loading of agents will be disallowed by default in a future release
]]></system-err>
  </testcase>
</testsuite>